2024-11-27 13:58:01,966 - sqlalchemy.engine.Engine - INFO - select pg_catalog.version()
2024-11-27 13:58:01,966 - sqlalchemy.engine.Engine - INFO - [raw sql] {}
2024-11-27 13:58:01,968 - sqlalchemy.engine.Engine - INFO - select current_schema()
2024-11-27 13:58:01,968 - sqlalchemy.engine.Engine - INFO - [raw sql] {}
2024-11-27 13:58:01,969 - sqlalchemy.engine.Engine - INFO - show standard_conforming_strings
2024-11-27 13:58:01,969 - sqlalchemy.engine.Engine - INFO - [raw sql] {}
2024-11-27 13:58:01,970 - sqlalchemy.engine.Engine - INFO - BEGIN (implicit)
2024-11-27 13:58:01,972 - sqlalchemy.engine.Engine - INFO - SELECT pg_catalog.pg_class.relname 
FROM pg_catalog.pg_class JOIN pg_catalog.pg_namespace ON pg_catalog.pg_namespace.oid = pg_catalog.pg_class.relnamespace 
WHERE pg_catalog.pg_class.relname = %(table_name)s AND pg_catalog.pg_class.relkind = ANY (ARRAY[%(param_1)s, %(param_2)s, %(param_3)s, %(param_4)s, %(param_5)s]) AND pg_catalog.pg_table_is_visible(pg_catalog.pg_class.oid) AND pg_catalog.pg_namespace.nspname != %(nspname_1)s
2024-11-27 13:58:01,972 - sqlalchemy.engine.Engine - INFO - [generated in 0.00016s] {'table_name': 'users', 'param_1': 'r', 'param_2': 'p', 'param_3': 'f', 'param_4': 'v', 'param_5': 'm', 'nspname_1': 'pg_catalog'}
2024-11-27 13:58:01,973 - sqlalchemy.engine.Engine - INFO - COMMIT
2024-11-27 13:58:01,974 - sqlalchemy.engine.Engine - INFO - BEGIN (implicit)
2024-11-27 13:58:01,975 - sqlalchemy.engine.Engine - INFO - SELECT users.email AS users_email 
FROM users
2024-11-27 13:58:01,975 - sqlalchemy.engine.Engine - INFO - [generated in 0.00013s] {}
2024-11-27 13:58:01,977 - sqlalchemy.engine.Engine - INFO - SELECT users.username AS users_username 
FROM users
2024-11-27 13:58:01,977 - sqlalchemy.engine.Engine - INFO - [generated in 0.00012s] {}
2024-11-27 13:58:03,797 - sqlalchemy.engine.Engine - INFO - INSERT INTO users (id, first_name, last_name, email, username, password, created_at, updated_at) VALUES (%(id__0)s::UUID, %(first_name__0)s, %(last_name__0)s, %(email__0)s, %(username__0)s, %(password__0)s, %(created_at__0)s, %(updated_at__0)s), (%(i ... 1172 characters truncated ... ast_name__9)s, %(email__9)s, %(username__9)s, %(password__9)s, %(created_at__9)s, %(updated_at__9)s)
2024-11-27 13:58:03,797 - sqlalchemy.engine.Engine - INFO - [generated in 0.00014s (insertmanyvalues) 1/1 (unordered)] {'id__0': UUID('f32d6f34-f7ec-40b3-a0ec-f4c2b3124d3b'), 'created_at__0': datetime.datetime(2024, 11, 27, 18, 58, 3, 797137), 'first_name__0': 'Tyler', 'last_name__0': 'Herring', 'updated_at__0': datetime.datetime(2024, 11, 27, 18, 58, 3, 797139), 'username__0': 'katie04', 'password__0': '$2b$12$yvJ17ivRAMTK3ep1F3kU8uxCWNTEC/IEGKvxDz8JlYzmWeTsCDglq', 'email__0': 'galvandon@example.net', 'id__1': UUID('59931b36-46b9-420a-aeb0-7e861828d9cd'), 'created_at__1': datetime.datetime(2024, 11, 27, 18, 58, 3, 797143), 'first_name__1': 'James', 'last_name__1': 'English', 'updated_at__1': datetime.datetime(2024, 11, 27, 18, 58, 3, 797144), 'username__1': 'hrangel', 'password__1': '$2b$12$HLz7n6AdA5DSFyZ4cS.sAue1F6TEeibHSZAaPtCldEp4yzgTOWep6', 'email__1': 'mcdonalddustin@example.org', 'id__2': UUID('af88dfd8-5319-4251-a2d7-fefb89985a83'), 'created_at__2': datetime.datetime(2024, 11, 27, 18, 58, 3, 797146), 'first_name__2': 'Christopher', 'last_name__2': 'Watkins', 'updated_at__2': datetime.datetime(2024, 11, 27, 18, 58, 3, 797146), 'username__2': 'michaelorozco', 'password__2': '$2b$12$Hqo5UVWOKfcfmNCawiSIEuD4ZmO0gWnbiueEZYhPsshBiLkisZ9Ja', 'email__2': 'josephrichmond@example.com', 'id__3': UUID('1a15884d-6d54-4a06-ba64-2ccbb22c119a'), 'created_at__3': datetime.datetime(2024, 11, 27, 18, 58, 3, 797147), 'first_name__3': 'Andrea', 'last_name__3': 'Wilson', 'updated_at__3': datetime.datetime(2024, 11, 27, 18, 58, 3, 797148), 'username__3': 'shannonwelch', 'password__3': '$2b$12$Y/lTSooEUOwM05/Tn1AaPOaKcWuz8ypk30PJIO85IkTVli3OfAvya', 'email__3': 'walshjeffrey@example.net', 'id__4': UUID('f817910e-1e58-48ad-975e-273989d7286e'), 'created_at__4': datetime.datetime(2024, 11, 27, 18, 58, 3, 797149), 'first_name__4': 'Nicole', 'last_name__4': 'Holmes', 'updated_at__4': datetime.datetime(2024, 11, 27, 18, 58, 3, 797149), 'username__4': 'yroman', 'password__4': '$2b$12$GRun/aWY1IgyuTrN5Xkgee/WLPdhYKB6DN7k.9TffnUmBTek9vp46', 'email__4': 'gonzalezleslie@example.org', 'id__5': UUID('6ec07e80-a86b-41ae-8c55-85cf019ec609'), 'created_at__5': datetime.datetime(2024, 11, 27, 18, 58, 3, 797150), 'first_name__5': 'Natalie', 'last_name__5': 'Brown', 'updated_at__5': datetime.datetime(2024, 11, 27, 18, 58, 3, 797151), 'username__5': 'jsilva', 'password__5': '$2b$12$T.SL0Zh9O8AQTnWUpvDwUuGgcs40hnkvU56IFHtjGMqfdzbBv6QLe', 'email__5': 'jacksonjenkins@example.net', 'id__6': UUID('84c63a27-69ac-4459-ae6e-fbb61687d7ad'), 'created_at__6': datetime.datetime(2024, 11, 27, 18, 58, 3, 797152), 'first_name__6': 'Angela', 'last_name__6': 'Kelly', 'updated_at__6': datetime.datetime(2024, 11, 27, 18, 58, 3, 797152), 'username__6': 'brucejimmy', 'password__6': '$2b$12$wtSEXSNewkA5dJGj7In57OBE363XU/QEMqk2YcZLxEUaNSobnb1im', 'email__6': 'csims@example.com', 'id__7': UUID('00a93543-bb54-466d-8f9f-5caf1190a86c'), 'created_at__7': datetime.datetime(2024, 11, 27, 18, 58, 3, 797154), 'first_name__7': 'Melinda', 'last_name__7': 'Walker', 'updated_at__7': datetime.datetime(2024, 11, 27, 18, 58, 3, 797154), 'username__7': 'kurt34', 'password__7': '$2b$12$bflaH.KpULzVYslv.hzd5eoFCORDTBavNDxpRGgI2CnCH8.cL6zdm', 'email__7': 'sedwards@example.net', 'id__8': UUID('f987b17e-140f-400d-aa53-0fe1474a127f'), 'created_at__8': datetime.datetime(2024, 11, 27, 18, 58, 3, 797155), 'first_name__8': 'Tammy', 'last_name__8': 'Garcia', 'updated_at__8': datetime.datetime(2024, 11, 27, 18, 58, 3, 797155), 'username__8': 'salinasmaria', 'password__8': '$2b$12$IwAi8SGZbYcW4Fxj2Di8t.nlsaa34lH4Arg/l.gSZF4P4WngxUif6', 'email__8': 'morr@example.org', 'id__9': UUID('6ba08746-8c65-4b7c-8182-ae85f2a73937'), 'created_at__9': datetime.datetime(2024, 11, 27, 18, 58, 3, 797156), 'first_name__9': 'Teresa', 'last_name__9': 'Williams', 'updated_at__9': datetime.datetime(2024, 11, 27, 18, 58, 3, 797157), 'username__9': 'srobinson', 'password__9': '$2b$12$HjRv.CXmkuAxHUPlNym42ue49XaGKMNYlRrwKYpOgCj2fkvJlxTtG', 'email__9': 'briannafrazier@example.net'}
2024-11-27 13:58:03,799 - sqlalchemy.engine.Engine - INFO - COMMIT
2024-11-27 14:14:19,447 - sqlalchemy.engine.Engine - INFO - select pg_catalog.version()
2024-11-27 14:14:19,447 - sqlalchemy.engine.Engine - INFO - [raw sql] {}
2024-11-27 14:14:19,448 - sqlalchemy.engine.Engine - INFO - select current_schema()
2024-11-27 14:14:19,448 - sqlalchemy.engine.Engine - INFO - [raw sql] {}
2024-11-27 14:14:19,449 - sqlalchemy.engine.Engine - INFO - show standard_conforming_strings
2024-11-27 14:14:19,449 - sqlalchemy.engine.Engine - INFO - [raw sql] {}
2024-11-27 14:14:19,450 - sqlalchemy.engine.Engine - INFO - BEGIN (implicit)
2024-11-27 14:14:19,450 - sqlalchemy.engine.Engine - INFO - COMMIT
2024-11-27 14:14:19,451 - sqlalchemy.engine.Engine - INFO - BEGIN (implicit)
2024-11-27 14:14:19,455 - sqlalchemy.engine.Engine - INFO - SELECT users.email AS users_email 
FROM users
2024-11-27 14:14:19,455 - sqlalchemy.engine.Engine - INFO - [generated in 0.00015s] {}
2024-11-27 14:14:19,457 - sqlalchemy.engine.Engine - INFO - SELECT users.username AS users_username 
FROM users
2024-11-27 14:14:19,457 - sqlalchemy.engine.Engine - INFO - [generated in 0.00013s] {}
2024-11-27 14:14:21,199 - sqlalchemy.engine.Engine - INFO - INSERT INTO users (id, first_name, last_name, email, username, password, created_at, updated_at) VALUES (%(id__0)s::UUID, %(first_name__0)s, %(last_name__0)s, %(email__0)s, %(username__0)s, %(password__0)s, %(created_at__0)s, %(updated_at__0)s), (%(i ... 1172 characters truncated ... ast_name__9)s, %(email__9)s, %(username__9)s, %(password__9)s, %(created_at__9)s, %(updated_at__9)s)
2024-11-27 14:14:21,199 - sqlalchemy.engine.Engine - INFO - [generated in 0.00013s (insertmanyvalues) 1/1 (unordered)] {'password__0': '$2b$12$HBnsBwk1zDXnHNKkaatHLe4SOqnLzuMODtatOAete15Ot23xDLvuC', 'last_name__0': 'Murphy', 'id__0': UUID('07c5922e-b8c3-469f-adc1-51e8561e3b47'), 'username__0': 'samuel00', 'created_at__0': datetime.datetime(2024, 11, 27, 19, 14, 21, 199272), 'first_name__0': 'Laura', 'updated_at__0': datetime.datetime(2024, 11, 27, 19, 14, 21, 199274), 'email__0': 'carolynsalas@example.net', 'password__1': '$2b$12$OAqXLXfC9P.wJA.QL6Khm.IJmmSiamungiplrFAZZ7/gkhi8.eiPa', 'last_name__1': 'Morgan', 'id__1': UUID('cac5e11b-ac1b-4fb4-aa93-20ab2f04f519'), 'username__1': 'adamthompson', 'created_at__1': datetime.datetime(2024, 11, 27, 19, 14, 21, 199276), 'first_name__1': 'Kimberly', 'updated_at__1': datetime.datetime(2024, 11, 27, 19, 14, 21, 199277), 'email__1': 'lreed@example.net', 'password__2': '$2b$12$14M7s8iX5AZtU.PAB80o3O5ulko6joeF5JUSSv0pric0tCTfBMid6', 'last_name__2': 'Tran', 'id__2': UUID('b3ecf28e-2896-4c3c-90e3-cadbeb743b96'), 'username__2': 'david34', 'created_at__2': datetime.datetime(2024, 11, 27, 19, 14, 21, 199278), 'first_name__2': 'Brian', 'updated_at__2': datetime.datetime(2024, 11, 27, 19, 14, 21, 199278), 'email__2': 'christophervega@example.org', 'password__3': '$2b$12$UUbKZ3aFq1Xdcjk9RF0MPOBII80WLBkrZXTP1xL4f8Xo.YyPC426i', 'last_name__3': 'Daniels', 'id__3': UUID('5dcb22e0-bb03-40db-8159-39afd6b448cb'), 'username__3': 'matthew00', 'created_at__3': datetime.datetime(2024, 11, 27, 19, 14, 21, 199280), 'first_name__3': 'Sylvia', 'updated_at__3': datetime.datetime(2024, 11, 27, 19, 14, 21, 199280), 'email__3': 'omitchell@example.com', 'password__4': '$2b$12$UlWqgPCb8CK3aGkJBUmmWe3Z9zp79F1hp2plTkQ83oVe/W6lwQn5G', 'last_name__4': 'White', 'id__4': UUID('de033012-8261-4137-b3f5-f405dfb9e03a'), 'username__4': 'adamperry', 'created_at__4': datetime.datetime(2024, 11, 27, 19, 14, 21, 199282), 'first_name__4': 'Elizabeth', 'updated_at__4': datetime.datetime(2024, 11, 27, 19, 14, 21, 199282), 'email__4': 'davidjacobs@example.com', 'password__5': '$2b$12$a5BEeRXLt9qlUYlmEGTHdutr/kT2RGqkbRR1OGlyMNAWS88vqLmT6', 'last_name__5': 'Pierce', 'id__5': UUID('d1ce4531-86c0-43f2-bfa9-65ce0e84873e'), 'username__5': 'ogarcia', 'created_at__5': datetime.datetime(2024, 11, 27, 19, 14, 21, 199283), 'first_name__5': 'Laura', 'updated_at__5': datetime.datetime(2024, 11, 27, 19, 14, 21, 199283), 'email__5': 'crystal25@example.com', 'password__6': '$2b$12$NEJavY4D/WyzN/ueryY2geN.l2SNP5U6B95NRo2Qm01OcoO2ZV5pa', 'last_name__6': 'Ross', 'id__6': UUID('a5dc1bd4-2827-491e-aa57-0b80178d0b09'), 'username__6': 'esimon', 'created_at__6': datetime.datetime(2024, 11, 27, 19, 14, 21, 199285), 'first_name__6': 'Jennifer', 'updated_at__6': datetime.datetime(2024, 11, 27, 19, 14, 21, 199285), 'email__6': 'michaellane@example.net', 'password__7': '$2b$12$Yx2Vy.YeeW2zMroS5itNhuPxxcTZBpC4XpXXeaVq5y8a3NZhLRwVe', 'last_name__7': 'Larson', 'id__7': UUID('8552cc09-0d6d-447d-a70c-a631275ec2e5'), 'username__7': 'graynicole', 'created_at__7': datetime.datetime(2024, 11, 27, 19, 14, 21, 199286), 'first_name__7': 'Chad', 'updated_at__7': datetime.datetime(2024, 11, 27, 19, 14, 21, 199286), 'email__7': 'kristin64@example.net', 'password__8': '$2b$12$fg.pgqixcxvFe01TXpC/AOXt4l2JDA3m2cBsnxWGEdQi/cq9Anf06', 'last_name__8': 'Smith', 'id__8': UUID('150a9e6b-f8c2-49c5-a89f-ca0aa194bcaf'), 'username__8': 'susanhouston', 'created_at__8': datetime.datetime(2024, 11, 27, 19, 14, 21, 199287), 'first_name__8': 'James', 'updated_at__8': datetime.datetime(2024, 11, 27, 19, 14, 21, 199287), 'email__8': 'christopher67@example.com', 'password__9': '$2b$12$I.zlDmAr2J4QWYDdAr2.KubBvVo5GVckWdOsWXmR96dJIuZ7wjjpW', 'last_name__9': 'Gomez', 'id__9': UUID('70fce6a5-5419-498a-a5ce-37c7b4f93dc4'), 'username__9': 'xkidd', 'created_at__9': datetime.datetime(2024, 11, 27, 19, 14, 21, 199289), 'first_name__9': 'Noah', 'updated_at__9': datetime.datetime(2024, 11, 27, 19, 14, 21, 199289), 'email__9': 'ibrown@example.org'}
2024-11-27 14:14:21,201 - sqlalchemy.engine.Engine - INFO - COMMIT
2024-11-27 14:16:06,837 - sqlalchemy.engine.Engine - INFO - select pg_catalog.version()
2024-11-27 14:16:06,837 - sqlalchemy.engine.Engine - INFO - [raw sql] {}
2024-11-27 14:16:06,838 - sqlalchemy.engine.Engine - INFO - select current_schema()
2024-11-27 14:16:06,838 - sqlalchemy.engine.Engine - INFO - [raw sql] {}
2024-11-27 14:16:06,839 - sqlalchemy.engine.Engine - INFO - show standard_conforming_strings
2024-11-27 14:16:06,839 - sqlalchemy.engine.Engine - INFO - [raw sql] {}
2024-11-27 14:16:06,840 - sqlalchemy.engine.Engine - INFO - BEGIN (implicit)
2024-11-27 14:16:06,840 - sqlalchemy.engine.Engine - INFO - COMMIT
2024-11-27 14:16:06,840 - sqlalchemy.engine.Engine - INFO - BEGIN (implicit)
2024-11-27 14:16:06,842 - sqlalchemy.engine.Engine - INFO - SELECT users.email AS users_email 
FROM users
2024-11-27 14:16:06,842 - sqlalchemy.engine.Engine - INFO - [generated in 0.00013s] {}
2024-11-27 14:16:06,844 - sqlalchemy.engine.Engine - INFO - SELECT users.username AS users_username 
FROM users
2024-11-27 14:16:06,844 - sqlalchemy.engine.Engine - INFO - [generated in 0.00013s] {}
2024-11-27 14:16:08,585 - sqlalchemy.engine.Engine - INFO - INSERT INTO users (id, first_name, last_name, email, username, password, created_at, updated_at) VALUES (%(id__0)s::UUID, %(first_name__0)s, %(last_name__0)s, %(email__0)s, %(username__0)s, %(password__0)s, %(created_at__0)s, %(updated_at__0)s), (%(i ... 1172 characters truncated ... ast_name__9)s, %(email__9)s, %(username__9)s, %(password__9)s, %(created_at__9)s, %(updated_at__9)s)
2024-11-27 14:16:08,585 - sqlalchemy.engine.Engine - INFO - [generated in 0.00013s (insertmanyvalues) 1/1 (unordered)] {'email__0': 'tiffanyhill@example.net', 'username__0': 'shanejackson', 'first_name__0': 'Michelle', 'password__0': '$2b$12$CkpH99AxOwokWHo.N.1vP.koHPueiUX.UMmS9Sap/HVEy.MfR5h9i', 'id__0': UUID('8656eba4-70f5-4651-a861-8c0f04ccbf93'), 'updated_at__0': datetime.datetime(2024, 11, 27, 19, 16, 8, 585156), 'created_at__0': datetime.datetime(2024, 11, 27, 19, 16, 8, 585154), 'last_name__0': 'Harris', 'email__1': 'smithlorraine@example.org', 'username__1': 'cbrewer', 'first_name__1': 'Monique', 'password__1': '$2b$12$eqSMu2Pvazai5jnKHmBAaeTUlQbKz35rSAMiGxYwqzO0K0/ubv06e', 'id__1': UUID('9259bbb1-8a35-450b-8e7a-dd66edb7dfdb'), 'updated_at__1': datetime.datetime(2024, 11, 27, 19, 16, 8, 585159), 'created_at__1': datetime.datetime(2024, 11, 27, 19, 16, 8, 585158), 'last_name__1': 'Evans', 'email__2': 'kristenperez@example.com', 'username__2': 'tiffany05', 'first_name__2': 'Michael', 'password__2': '$2b$12$/zZ/K71jLkWM05S64vfGC.YiLZ.mlss4Vx/8rJt3vmsDEcWJExwh6', 'id__2': UUID('8df864f9-f300-4724-9d8a-50545683c926'), 'updated_at__2': datetime.datetime(2024, 11, 27, 19, 16, 8, 585160), 'created_at__2': datetime.datetime(2024, 11, 27, 19, 16, 8, 585160), 'last_name__2': 'Owen', 'email__3': 'nguyencassandra@example.com', 'username__3': 'lewismichael', 'first_name__3': 'James', 'password__3': '$2b$12$cU4mCNkZJer7iJSmFYkQ1OY2kNu9yKpvvBbUZiAGx6QNGsq6CBdmO', 'id__3': UUID('3540676e-dc80-4c47-9428-7a7c7cf86dc4'), 'updated_at__3': datetime.datetime(2024, 11, 27, 19, 16, 8, 585162), 'created_at__3': datetime.datetime(2024, 11, 27, 19, 16, 8, 585162), 'last_name__3': 'Moyer', 'email__4': 'ulove@example.com', 'username__4': 'dawndoyle', 'first_name__4': 'Peggy', 'password__4': '$2b$12$ccDv5KcfIwIVY6cjAUrdsuFs4MQJlJaxHJEOAF7yM7nyLJ374WSLu', 'id__4': UUID('dff7057b-c705-4ff4-a66c-6bfd3c6ccfc7'), 'updated_at__4': datetime.datetime(2024, 11, 27, 19, 16, 8, 585164), 'created_at__4': datetime.datetime(2024, 11, 27, 19, 16, 8, 585164), 'last_name__4': 'Adkins', 'email__5': 'joshua87@example.org', 'username__5': 'brownjennifer', 'first_name__5': 'Thomas', 'password__5': '$2b$12$Eh3AYKWulevdr/ErpyPuLuDOYQmIzISiDDIITWPuEy.9GMfXcAcaa', 'id__5': UUID('e5fd2251-f114-419f-a3d2-b919095958af'), 'updated_at__5': datetime.datetime(2024, 11, 27, 19, 16, 8, 585166), 'created_at__5': datetime.datetime(2024, 11, 27, 19, 16, 8, 585166), 'last_name__5': 'Choi', 'email__6': 'robert64@example.net', 'username__6': 'jerrywilson', 'first_name__6': 'William', 'password__6': '$2b$12$sxzoJQ.xwARKS0zCsAkzS.VgveWgDw4Hiw1ArC4rqi5smkQGlfvAy', 'id__6': UUID('9a72e474-690b-4334-a117-877588c9e3f3'), 'updated_at__6': datetime.datetime(2024, 11, 27, 19, 16, 8, 585168), 'created_at__6': datetime.datetime(2024, 11, 27, 19, 16, 8, 585167), 'last_name__6': 'Brown', 'email__7': 'mallen@example.org', 'username__7': 'stevencastillo', 'first_name__7': 'Vincent', 'password__7': '$2b$12$VfW3uqDbXz092yojldCQEezpSNW5RyL5dNMHPJibOhYdXG/aopLwS', 'id__7': UUID('9b416564-b5ff-4374-a711-8098e9b9fd14'), 'updated_at__7': datetime.datetime(2024, 11, 27, 19, 16, 8, 585169), 'created_at__7': datetime.datetime(2024, 11, 27, 19, 16, 8, 585169), 'last_name__7': 'Caldwell', 'email__8': 'joshua13@example.com', 'username__8': 'blackadrian', 'first_name__8': 'Evelyn', 'password__8': '$2b$12$dqfLmoOuGQNgPypBTI3hSe3xaaRunj.mCZBxo1u98LJyegCcAuJ.K', 'id__8': UUID('829ba67a-c1c5-4c0b-ab51-5498a7c91271'), 'updated_at__8': datetime.datetime(2024, 11, 27, 19, 16, 8, 585171), 'created_at__8': datetime.datetime(2024, 11, 27, 19, 16, 8, 585171), 'last_name__8': 'Rollins', 'email__9': 'matthewgarcia@example.net', 'username__9': 'faguirre', 'first_name__9': 'Collin', 'password__9': '$2b$12$LFTFqX4MIkSy.R05aXCyB.pWXMKoQnw7wxf4eQn7H/BoC5Sn2hNhG', 'id__9': UUID('41c47a33-a3a7-4b48-a41c-436c8ac0508b'), 'updated_at__9': datetime.datetime(2024, 11, 27, 19, 16, 8, 585173), 'created_at__9': datetime.datetime(2024, 11, 27, 19, 16, 8, 585173), 'last_name__9': 'Dennis'}
2024-11-27 14:16:08,586 - sqlalchemy.engine.Engine - INFO - COMMIT
2024-11-27 14:21:28,376 - sqlalchemy.engine.Engine - INFO - select pg_catalog.version()
2024-11-27 14:21:28,377 - sqlalchemy.engine.Engine - INFO - [raw sql] {}
2024-11-27 14:21:28,378 - sqlalchemy.engine.Engine - INFO - select current_schema()
2024-11-27 14:21:28,378 - sqlalchemy.engine.Engine - INFO - [raw sql] {}
2024-11-27 14:21:28,378 - sqlalchemy.engine.Engine - INFO - show standard_conforming_strings
2024-11-27 14:21:28,379 - sqlalchemy.engine.Engine - INFO - [raw sql] {}
2024-11-27 14:21:28,380 - sqlalchemy.engine.Engine - INFO - BEGIN (implicit)
2024-11-27 14:21:28,380 - sqlalchemy.engine.Engine - INFO - COMMIT
2024-11-27 14:21:28,380 - sqlalchemy.engine.Engine - INFO - BEGIN (implicit)
2024-11-27 14:21:28,382 - sqlalchemy.engine.Engine - INFO - SELECT users.email AS users_email 
FROM users
2024-11-27 14:21:28,382 - sqlalchemy.engine.Engine - INFO - [generated in 0.00015s] {}
2024-11-27 14:21:28,384 - sqlalchemy.engine.Engine - INFO - SELECT users.username AS users_username 
FROM users
2024-11-27 14:21:28,384 - sqlalchemy.engine.Engine - INFO - [generated in 0.00012s] {}
2024-11-27 14:21:30,269 - sqlalchemy.engine.Engine - INFO - INSERT INTO users (id, first_name, last_name, email, username, password, created_at, updated_at) VALUES (%(id__0)s::UUID, %(first_name__0)s, %(last_name__0)s, %(email__0)s, %(username__0)s, %(password__0)s, %(created_at__0)s, %(updated_at__0)s), (%(i ... 1172 characters truncated ... ast_name__9)s, %(email__9)s, %(username__9)s, %(password__9)s, %(created_at__9)s, %(updated_at__9)s)
2024-11-27 14:21:30,269 - sqlalchemy.engine.Engine - INFO - [generated in 0.00126s (insertmanyvalues) 1/1 (unordered)] {'id__0': UUID('71d32f91-6e50-421a-9d57-c7d37fa59f89'), 'updated_at__0': datetime.datetime(2024, 11, 27, 19, 21, 30, 268359), 'username__0': 'washingtontim', 'last_name__0': 'Castillo', 'created_at__0': datetime.datetime(2024, 11, 27, 19, 21, 30, 268356), 'password__0': '$2b$12$90cZDRdw7WKWeT82feDWLOPeZ1LQw.54H2paY7.1L5TmNJdzPKYC.', 'email__0': 'jessica13@example.net', 'first_name__0': 'Robert', 'id__1': UUID('4667aee1-f144-4acb-a317-2728960b9f2f'), 'updated_at__1': datetime.datetime(2024, 11, 27, 19, 21, 30, 268362), 'username__1': 'michaeljames', 'last_name__1': 'Bennett', 'created_at__1': datetime.datetime(2024, 11, 27, 19, 21, 30, 268362), 'password__1': '$2b$12$ZO7cw3Pu.ipbHfuPbVwaVO04AzDIBd3ertOs157BB13aioOV9Ypqm', 'email__1': 'cclark@example.com', 'first_name__1': 'Anthony', 'id__2': UUID('a37508a8-b156-4889-ae7a-03c163570963'), 'updated_at__2': datetime.datetime(2024, 11, 27, 19, 21, 30, 268364), 'username__2': 'michaelaguirre', 'last_name__2': 'Short', 'created_at__2': datetime.datetime(2024, 11, 27, 19, 21, 30, 268363), 'password__2': '$2b$12$XObwKoQK.4r93qXDvBHO/O9fvPdXCaZNlMPXGiqmCAAGM.afFpYhW', 'email__2': 'mary54@example.com', 'first_name__2': 'Leslie', 'id__3': UUID('2207c138-c7f1-49ff-80fe-f4d42ff2e07c'), 'updated_at__3': datetime.datetime(2024, 11, 27, 19, 21, 30, 268365), 'username__3': 'nbutler', 'last_name__3': 'Gross', 'created_at__3': datetime.datetime(2024, 11, 27, 19, 21, 30, 268365), 'password__3': '$2b$12$Bckex8aw6eGvlkYV6DsnzuHQhJczx4eB13Q.W1Gg0yC3ZQxS.uflu', 'email__3': 'longjessica@example.net', 'first_name__3': 'Molly', 'id__4': UUID('0b3cde6f-e2b2-4360-9da6-11f587a0a677'), 'updated_at__4': datetime.datetime(2024, 11, 27, 19, 21, 30, 268367), 'username__4': 'tamara90', 'last_name__4': 'Caldwell', 'created_at__4': datetime.datetime(2024, 11, 27, 19, 21, 30, 268367), 'password__4': '$2b$12$y/RIiC3W4d6PIo/ntFV.h.WjQ/WFAJj2ueLbaeUYtpZv857m3VKa.', 'email__4': 'iwilliams@example.org', 'first_name__4': 'Kyle', 'id__5': UUID('95d2bb27-2c6f-454c-b5c4-9274771b0e73'), 'updated_at__5': datetime.datetime(2024, 11, 27, 19, 21, 30, 268368), 'username__5': 'ehobbs', 'last_name__5': 'Johnson', 'created_at__5': datetime.datetime(2024, 11, 27, 19, 21, 30, 268368), 'password__5': '$2b$12$txcrAyvAiVS60AT1tn6nFu19jdsI9QULp7pGd3A2RJJ6iDR1Zc7JO', 'email__5': 'john02@example.org', 'first_name__5': 'Karen', 'id__6': UUID('8c3a202e-57a0-4cf1-996a-7c7b23239beb'), 'updated_at__6': datetime.datetime(2024, 11, 27, 19, 21, 30, 268370), 'username__6': 'bsmith', 'last_name__6': 'Dixon', 'created_at__6': datetime.datetime(2024, 11, 27, 19, 21, 30, 268370), 'password__6': '$2b$12$NSDTl9g.JGIP83ixGbpi..WAopzpdrUj503CleM/CRT53u4ZV7mOe', 'email__6': 'kathleenparks@example.org', 'first_name__6': 'Benjamin', 'id__7': UUID('41d03f57-2963-4265-93e8-8eed2908a377'), 'updated_at__7': datetime.datetime(2024, 11, 27, 19, 21, 30, 268372), 'username__7': 'daniel16', 'last_name__7': 'Stone', 'created_at__7': datetime.datetime(2024, 11, 27, 19, 21, 30, 268371), 'password__7': '$2b$12$7lj3FyDjsioPLEQcJrWjf.h323tNk4vvxSNoo6x/enMeBPsiJCzMm', 'email__7': 'jonathan62@example.net', 'first_name__7': 'John', 'id__8': UUID('82e05b77-3165-4645-b648-0dd52a25eed1'), 'updated_at__8': datetime.datetime(2024, 11, 27, 19, 21, 30, 269456), 'username__8': 'alanburton', 'last_name__8': 'Carlson', 'created_at__8': datetime.datetime(2024, 11, 27, 19, 21, 30, 269455), 'password__8': '$2b$12$CQuEeqy0.1IGHj7nd27BweIlMsh2e3hso.cp2Xm70/unDfThPbULq', 'email__8': 'michelle76@example.com', 'first_name__8': 'Samantha', 'id__9': UUID('8448bf35-bfe2-41a7-a2d6-2aded8188e08'), 'updated_at__9': datetime.datetime(2024, 11, 27, 19, 21, 30, 269461), 'username__9': 'zacharyjones', 'last_name__9': 'Sanchez', 'created_at__9': datetime.datetime(2024, 11, 27, 19, 21, 30, 269461), 'password__9': '$2b$12$ZVS2K9KDRwNXPRJ9iXJ4Fu65i1hYvIDT24wO3PntDkT1kynX/RhpO', 'email__9': 'evanssara@example.com', 'first_name__9': 'Lindsay'}
2024-11-27 14:21:30,272 - sqlalchemy.engine.Engine - INFO - COMMIT
2024-11-27 14:22:16,030 - sqlalchemy.engine.Engine - INFO - select pg_catalog.version()
2024-11-27 14:22:16,030 - sqlalchemy.engine.Engine - INFO - [raw sql] {}
2024-11-27 14:22:16,032 - sqlalchemy.engine.Engine - INFO - select current_schema()
2024-11-27 14:22:16,032 - sqlalchemy.engine.Engine - INFO - [raw sql] {}
2024-11-27 14:22:16,035 - sqlalchemy.engine.Engine - INFO - show standard_conforming_strings
2024-11-27 14:22:16,035 - sqlalchemy.engine.Engine - INFO - [raw sql] {}
2024-11-27 14:22:16,038 - sqlalchemy.engine.Engine - INFO - BEGIN (implicit)
2024-11-27 14:22:16,038 - sqlalchemy.engine.Engine - INFO - COMMIT
2024-11-27 14:22:16,040 - sqlalchemy.engine.Engine - INFO - BEGIN (implicit)
2024-11-27 14:22:16,042 - sqlalchemy.engine.Engine - INFO - SELECT users.email AS users_email 
FROM users
2024-11-27 14:22:16,042 - sqlalchemy.engine.Engine - INFO - [generated in 0.00014s] {}
2024-11-27 14:22:16,044 - sqlalchemy.engine.Engine - INFO - SELECT users.username AS users_username 
FROM users
2024-11-27 14:22:16,044 - sqlalchemy.engine.Engine - INFO - [generated in 0.00015s] {}
2024-11-27 14:22:17,795 - sqlalchemy.engine.Engine - INFO - INSERT INTO users (id, first_name, last_name, email, username, password, created_at, updated_at) VALUES (%(id__0)s::UUID, %(first_name__0)s, %(last_name__0)s, %(email__0)s, %(username__0)s, %(password__0)s, %(created_at__0)s, %(updated_at__0)s), (%(i ... 1172 characters truncated ... ast_name__9)s, %(email__9)s, %(username__9)s, %(password__9)s, %(created_at__9)s, %(updated_at__9)s)
2024-11-27 14:22:17,795 - sqlalchemy.engine.Engine - INFO - [generated in 0.00013s (insertmanyvalues) 1/1 (unordered)] {'username__0': 'christinavillarreal', 'last_name__0': 'Ortiz', 'updated_at__0': datetime.datetime(2024, 11, 27, 19, 22, 17, 795497), 'id__0': UUID('3be5e932-f44e-41a3-903c-3cee61cfcedf'), 'created_at__0': datetime.datetime(2024, 11, 27, 19, 22, 17, 795495), 'password__0': '$2b$12$4HMzTAwQSIVWOtvYMFzV9ePW96yHINIsbp.gRgn9w87zJPKMJ53Hq', 'email__0': 'james10@example.net', 'first_name__0': 'Chad', 'username__1': 'stephanie37', 'last_name__1': 'Hahn', 'updated_at__1': datetime.datetime(2024, 11, 27, 19, 22, 17, 795500), 'id__1': UUID('bef41410-481f-4087-9061-78a35eca9cd6'), 'created_at__1': datetime.datetime(2024, 11, 27, 19, 22, 17, 795499), 'password__1': '$2b$12$usa4LCF8HoLTVVWUn.eQyehfg5ExjNNGzCYOgq7nDXFeUZTPgk9jS', 'email__1': 'clarkcarlos@example.net', 'first_name__1': 'Amber', 'username__2': 'ernest41', 'last_name__2': 'Martinez', 'updated_at__2': datetime.datetime(2024, 11, 27, 19, 22, 17, 795501), 'id__2': UUID('bdfee1c6-ed28-4c63-8c37-228762d41803'), 'created_at__2': datetime.datetime(2024, 11, 27, 19, 22, 17, 795501), 'password__2': '$2b$12$PlvKJS3wKhPQ0d7gR8XZQ.fFTzKpmGOXwRkiUzkfL7kzAyu2C9MoS', 'email__2': 'angel91@example.net', 'first_name__2': 'Kelly', 'username__3': 'kylemccullough', 'last_name__3': 'Jones', 'updated_at__3': datetime.datetime(2024, 11, 27, 19, 22, 17, 795503), 'id__3': UUID('40004c93-cf4e-487d-b46b-00f07f3ab1cf'), 'created_at__3': datetime.datetime(2024, 11, 27, 19, 22, 17, 795502), 'password__3': '$2b$12$ihEWhtBRwskKGEoO2Qs1ye3diGaKhCmgtBJZnbuaHw4qS3BXDNfVW', 'email__3': 'jacob96@example.org', 'first_name__3': 'Karen', 'username__4': 'chelseabryan', 'last_name__4': 'Dean', 'updated_at__4': datetime.datetime(2024, 11, 27, 19, 22, 17, 795504), 'id__4': UUID('54c307f2-dfc2-4b9f-b23e-3e22331d0d14'), 'created_at__4': datetime.datetime(2024, 11, 27, 19, 22, 17, 795504), 'password__4': '$2b$12$wrCDbb4WAQ.fGj1mxCwk7.JE38YDX.6B5qbB4nwTWQ3PAHbTmZOmW', 'email__4': 'conleybrian@example.net', 'first_name__4': 'Matthew', 'username__5': 'haysrobert', 'last_name__5': 'Long', 'updated_at__5': datetime.datetime(2024, 11, 27, 19, 22, 17, 795506), 'id__5': UUID('c96c410a-8430-4819-a0cd-1a2e7a1528ea'), 'created_at__5': datetime.datetime(2024, 11, 27, 19, 22, 17, 795505), 'password__5': '$2b$12$epb80mXFNXucai/TctSmwuLReg/mRNF6ARgSORNPt9ujv5XufrNY.', 'email__5': 'kingjamie@example.org', 'first_name__5': 'Lori', 'username__6': 'mary74', 'last_name__6': 'Evans', 'updated_at__6': datetime.datetime(2024, 11, 27, 19, 22, 17, 795507), 'id__6': UUID('9e2faee2-215c-4982-85eb-3ea254e66549'), 'created_at__6': datetime.datetime(2024, 11, 27, 19, 22, 17, 795507), 'password__6': '$2b$12$g16zA4DCCXfwYUeRxU3pSu/wZdV4NpxWwevfJQFYxTn9HTRV7jGMC', 'email__6': 'suttoncaitlyn@example.com', 'first_name__6': 'Patricia', 'username__7': 'wcole', 'last_name__7': 'Hernandez', 'updated_at__7': datetime.datetime(2024, 11, 27, 19, 22, 17, 795508), 'id__7': UUID('f2a795fe-9e52-488e-b2da-635cdc0cce5d'), 'created_at__7': datetime.datetime(2024, 11, 27, 19, 22, 17, 795508), 'password__7': '$2b$12$p13iXasOp8VWPE3NQZmB/ez0DR8AKtj6iVRHJ69lrHZ0O5K3EaVya', 'email__7': 'april11@example.net', 'first_name__7': 'Michael', 'username__8': 'tommylopez', 'last_name__8': 'Moon', 'updated_at__8': datetime.datetime(2024, 11, 27, 19, 22, 17, 795510), 'id__8': UUID('fc03846a-5331-40b2-bab7-18ed437a98f2'), 'created_at__8': datetime.datetime(2024, 11, 27, 19, 22, 17, 795510), 'password__8': '$2b$12$BbFdLyBibd5TS59t0bH7ieLGRV/DBjbGgbKIP1LSrIvLzR6png6Qu', 'email__8': 'andrew47@example.org', 'first_name__8': 'Erin', 'username__9': 'jessica90', 'last_name__9': 'Kennedy', 'updated_at__9': datetime.datetime(2024, 11, 27, 19, 22, 17, 795511), 'id__9': UUID('4ee832ea-1845-4f3e-b5b2-bb9d976057d5'), 'created_at__9': datetime.datetime(2024, 11, 27, 19, 22, 17, 795511), 'password__9': '$2b$12$7XEs8yFMUO/lIk6zHiVo5upzrTz.3/ZTGA3zPI3B1ZyvvI74jxLd2', 'email__9': 'tmorgan@example.com', 'first_name__9': 'Patrick'}
2024-11-27 14:22:17,798 - sqlalchemy.engine.Engine - INFO - COMMIT
2024-11-27 14:36:59,110 - sqlalchemy.engine.Engine - INFO - select pg_catalog.version()
2024-11-27 14:36:59,111 - sqlalchemy.engine.Engine - INFO - [raw sql] {}
2024-11-27 14:36:59,112 - sqlalchemy.engine.Engine - INFO - select current_schema()
2024-11-27 14:36:59,112 - sqlalchemy.engine.Engine - INFO - [raw sql] {}
2024-11-27 14:36:59,114 - sqlalchemy.engine.Engine - INFO - show standard_conforming_strings
2024-11-27 14:36:59,114 - sqlalchemy.engine.Engine - INFO - [raw sql] {}
2024-11-27 14:36:59,115 - sqlalchemy.engine.Engine - INFO - BEGIN (implicit)
2024-11-27 14:36:59,117 - sqlalchemy.engine.Engine - INFO - SELECT pg_catalog.pg_class.relname 
FROM pg_catalog.pg_class JOIN pg_catalog.pg_namespace ON pg_catalog.pg_namespace.oid = pg_catalog.pg_class.relnamespace 
WHERE pg_catalog.pg_class.relname = %(table_name)s AND pg_catalog.pg_class.relkind = ANY (ARRAY[%(param_1)s, %(param_2)s, %(param_3)s, %(param_4)s, %(param_5)s]) AND pg_catalog.pg_table_is_visible(pg_catalog.pg_class.oid) AND pg_catalog.pg_namespace.nspname != %(nspname_1)s
2024-11-27 14:36:59,118 - sqlalchemy.engine.Engine - INFO - [generated in 0.00016s] {'table_name': 'users', 'param_1': 'r', 'param_2': 'p', 'param_3': 'f', 'param_4': 'v', 'param_5': 'm', 'nspname_1': 'pg_catalog'}
2024-11-27 14:36:59,120 - sqlalchemy.engine.Engine - INFO - COMMIT
2024-11-27 14:37:26,266 - sqlalchemy.engine.Engine - INFO - BEGIN (implicit)
2024-11-27 14:37:26,266 - sqlalchemy.engine.Engine - INFO - SELECT pg_catalog.pg_class.relname 
FROM pg_catalog.pg_class JOIN pg_catalog.pg_namespace ON pg_catalog.pg_namespace.oid = pg_catalog.pg_class.relnamespace 
WHERE pg_catalog.pg_class.relname = %(table_name)s AND pg_catalog.pg_class.relkind = ANY (ARRAY[%(param_1)s, %(param_2)s, %(param_3)s, %(param_4)s, %(param_5)s]) AND pg_catalog.pg_table_is_visible(pg_catalog.pg_class.oid) AND pg_catalog.pg_namespace.nspname != %(nspname_1)s
2024-11-27 14:37:26,266 - sqlalchemy.engine.Engine - INFO - [cached since 27.15s ago] {'table_name': 'users', 'param_1': 'r', 'param_2': 'p', 'param_3': 'f', 'param_4': 'v', 'param_5': 'm', 'nspname_1': 'pg_catalog'}
2024-11-27 14:37:26,268 - sqlalchemy.engine.Engine - INFO - 
DROP TABLE users
2024-11-27 14:37:26,268 - sqlalchemy.engine.Engine - INFO - [no key 0.00009s] {}
2024-11-27 14:37:26,272 - sqlalchemy.engine.Engine - INFO - COMMIT
2024-11-27 16:51:18,265 - sqlalchemy.engine.Engine - INFO - select pg_catalog.version()
2024-11-27 16:51:18,266 - sqlalchemy.engine.Engine - INFO - [raw sql] {}
2024-11-27 16:51:18,267 - sqlalchemy.engine.Engine - INFO - select current_schema()
2024-11-27 16:51:18,267 - sqlalchemy.engine.Engine - INFO - [raw sql] {}
2024-11-27 16:51:18,268 - sqlalchemy.engine.Engine - INFO - show standard_conforming_strings
2024-11-27 16:51:18,268 - sqlalchemy.engine.Engine - INFO - [raw sql] {}
2024-11-27 16:51:18,269 - sqlalchemy.engine.Engine - INFO - BEGIN (implicit)
2024-11-27 16:51:18,269 - sqlalchemy.engine.Engine - INFO - COMMIT
2024-11-27 16:51:18,270 - sqlalchemy.engine.Engine - INFO - BEGIN (implicit)
2024-11-27 16:51:18,271 - sqlalchemy.engine.Engine - INFO - SELECT users.email AS users_email 
FROM users
2024-11-27 16:51:18,271 - sqlalchemy.engine.Engine - INFO - [generated in 0.00013s] {}
2024-11-27 16:51:18,273 - sqlalchemy.engine.Engine - INFO - SELECT users.username AS users_username 
FROM users
2024-11-27 16:51:18,273 - sqlalchemy.engine.Engine - INFO - [generated in 0.00014s] {}
2024-11-27 16:51:20,172 - sqlalchemy.engine.Engine - INFO - INSERT INTO users (id, first_name, last_name, email, username, password, created_at, updated_at) VALUES (%(id__0)s::UUID, %(first_name__0)s, %(last_name__0)s, %(email__0)s, %(username__0)s, %(password__0)s, %(created_at__0)s, %(updated_at__0)s), (%(i ... 1172 characters truncated ... ast_name__9)s, %(email__9)s, %(username__9)s, %(password__9)s, %(created_at__9)s, %(updated_at__9)s)
2024-11-27 16:51:20,172 - sqlalchemy.engine.Engine - INFO - [generated in 0.00014s (insertmanyvalues) 1/1 (unordered)] {'id__0': UUID('cbf1fcc9-02df-4097-b72a-020f14866d25'), 'updated_at__0': datetime.datetime(2024, 11, 27, 21, 51, 20, 172635), 'created_at__0': datetime.datetime(2024, 11, 27, 21, 51, 20, 172633), 'email__0': 'chapmanallison@example.org', 'last_name__0': 'Moreno', 'username__0': 'jacobhughes', 'first_name__0': 'Terri', 'password__0': '$2b$12$9YSPvNUR0kS9qExXpBewQOEW1H9Yn4RiNtn6eDmt7oE0ZUo3nHazO', 'id__1': UUID('5b92ad7e-e215-4cdd-a213-33de243c8559'), 'updated_at__1': datetime.datetime(2024, 11, 27, 21, 51, 20, 172638), 'created_at__1': datetime.datetime(2024, 11, 27, 21, 51, 20, 172638), 'email__1': 'wwolf@example.com', 'last_name__1': 'Mcbride', 'username__1': 'tharrison', 'first_name__1': 'Chelsea', 'password__1': '$2b$12$RsrxgyhXh3QUr2nqRxCXPeL6UsS0g.gz.YFHexHeLbOkOWSPf4jqu', 'id__2': UUID('f70ba363-d4b0-4f05-903a-d8b8ba140e75'), 'updated_at__2': datetime.datetime(2024, 11, 27, 21, 51, 20, 172640), 'created_at__2': datetime.datetime(2024, 11, 27, 21, 51, 20, 172639), 'email__2': 'christopher61@example.com', 'last_name__2': 'Jensen', 'username__2': 'russellarias', 'first_name__2': 'Bonnie', 'password__2': '$2b$12$Sf9HxFPXr/lAL6bpABzRYOElFR6KEEc9bRwZDt3ycZTJDYejKtYgC', 'id__3': UUID('9b02be6f-eb6a-4dc4-99ea-ed0a33d891aa'), 'updated_at__3': datetime.datetime(2024, 11, 27, 21, 51, 20, 172641), 'created_at__3': datetime.datetime(2024, 11, 27, 21, 51, 20, 172641), 'email__3': 'lanthony@example.com', 'last_name__3': 'Young', 'username__3': 'cooperkimberly', 'first_name__3': 'Diana', 'password__3': '$2b$12$.ozFk7zH3O5HJkmW10iAIOuVN2WnBHeDMv5BsquWw7QCqZn0Kz8OC', 'id__4': UUID('50d2909f-4374-4ed5-a908-eb7936bb9278'), 'updated_at__4': datetime.datetime(2024, 11, 27, 21, 51, 20, 172642), 'created_at__4': datetime.datetime(2024, 11, 27, 21, 51, 20, 172642), 'email__4': 'cherylsanders@example.com', 'last_name__4': 'Thompson', 'username__4': 'bradleykimberly', 'first_name__4': 'Ricky', 'password__4': '$2b$12$BR6kO.lv8i2aINGDWo7QweZvo18nzkMX6nZ8st244htQZVLDDv12C', 'id__5': UUID('3d2ea1a7-b7ce-46fa-ba1b-efc3fddb6439'), 'updated_at__5': datetime.datetime(2024, 11, 27, 21, 51, 20, 172644), 'created_at__5': datetime.datetime(2024, 11, 27, 21, 51, 20, 172644), 'email__5': 'rebeccahawkins@example.org', 'last_name__5': 'Hardy', 'username__5': 'nproctor', 'first_name__5': 'Wendy', 'password__5': '$2b$12$xuhbpa0tis.mlSwXMtrJb.wy4QJDGrIqaCYJ3bR3DxlWe/LzjnQg2', 'id__6': UUID('6fea4594-6500-4ccb-8e1f-f381d3a0fc45'), 'updated_at__6': datetime.datetime(2024, 11, 27, 21, 51, 20, 172645), 'created_at__6': datetime.datetime(2024, 11, 27, 21, 51, 20, 172645), 'email__6': 'marc25@example.net', 'last_name__6': 'Fowler', 'username__6': 'steve52', 'first_name__6': 'Kevin', 'password__6': '$2b$12$vIBNzwNyrLjnxxbADg6ede6jneYDXzOCk9FzlXuNNE3ognVDjZ6BG', 'id__7': UUID('5039ff18-3471-42fc-9d32-de186d53cbc6'), 'updated_at__7': datetime.datetime(2024, 11, 27, 21, 51, 20, 172647), 'created_at__7': datetime.datetime(2024, 11, 27, 21, 51, 20, 172647), 'email__7': 'charlespeterson@example.net', 'last_name__7': 'Jones', 'username__7': 'christopherbennett', 'first_name__7': 'Michael', 'password__7': '$2b$12$QpqCa3rb3QubwXUjW2FEEuHhvd7sI2O67kuzv2/cxUM4tU.dlHUm6', 'id__8': UUID('44b7a482-fe4d-49e7-bfc2-4d17c9f460f2'), 'updated_at__8': datetime.datetime(2024, 11, 27, 21, 51, 20, 172648), 'created_at__8': datetime.datetime(2024, 11, 27, 21, 51, 20, 172648), 'email__8': 'christopher90@example.org', 'last_name__8': 'Wyatt', 'username__8': 'ortegakaren', 'first_name__8': 'Mathew', 'password__8': '$2b$12$Nb1kZ4PeXpD7jKdnP0.TLOBS3XcxlHI.JnqJPbV3hj8Hgb8T8Hot.', 'id__9': UUID('99102d9b-3b12-4e04-8816-f86183aa2b0d'), 'updated_at__9': datetime.datetime(2024, 11, 27, 21, 51, 20, 172649), 'created_at__9': datetime.datetime(2024, 11, 27, 21, 51, 20, 172649), 'email__9': 'jonathan49@example.org', 'last_name__9': 'Chan', 'username__9': 'rmaddox', 'first_name__9': 'Jessica', 'password__9': '$2b$12$qOsrfAPIbrTHNEbsDoJJgu9Ssdn7HqUxTkt23NZAAn4Yzp9LBLWB2'}
2024-11-27 16:51:20,174 - sqlalchemy.engine.Engine - INFO - COMMIT
2024-11-27 16:51:27,857 - sqlalchemy.engine.Engine - INFO - select pg_catalog.version()
2024-11-27 16:51:27,858 - sqlalchemy.engine.Engine - INFO - [raw sql] {}
2024-11-27 16:51:27,859 - sqlalchemy.engine.Engine - INFO - select current_schema()
2024-11-27 16:51:27,859 - sqlalchemy.engine.Engine - INFO - [raw sql] {}
2024-11-27 16:51:27,860 - sqlalchemy.engine.Engine - INFO - show standard_conforming_strings
2024-11-27 16:51:27,860 - sqlalchemy.engine.Engine - INFO - [raw sql] {}
2024-11-27 16:51:27,861 - sqlalchemy.engine.Engine - INFO - BEGIN (implicit)
2024-11-27 16:51:27,861 - sqlalchemy.engine.Engine - INFO - COMMIT
2024-11-27 16:51:27,862 - sqlalchemy.engine.Engine - INFO - BEGIN (implicit)
2024-11-27 16:51:27,863 - sqlalchemy.engine.Engine - INFO - SELECT users.email AS users_email 
FROM users
2024-11-27 16:51:27,864 - sqlalchemy.engine.Engine - INFO - [generated in 0.00017s] {}
2024-11-27 16:51:27,865 - sqlalchemy.engine.Engine - INFO - SELECT users.username AS users_username 
FROM users
2024-11-27 16:51:27,865 - sqlalchemy.engine.Engine - INFO - [generated in 0.00013s] {}
2024-11-27 16:51:46,040 - sqlalchemy.engine.Engine - INFO - INSERT INTO users (id, first_name, last_name, email, username, password, created_at, updated_at) VALUES (%(id__0)s::UUID, %(first_name__0)s, %(last_name__0)s, %(email__0)s, %(username__0)s, %(password__0)s, %(created_at__0)s, %(updated_at__0)s), (%(i ... 14672 characters truncated ... me__99)s, %(email__99)s, %(username__99)s, %(password__99)s, %(created_at__99)s, %(updated_at__99)s)
2024-11-27 16:51:46,041 - sqlalchemy.engine.Engine - INFO - [generated in 0.00049s (insertmanyvalues) 1/1 (unordered)] {'email__0': 'millertonya@example.org', 'first_name__0': 'Jodi', 'updated_at__0': datetime.datetime(2024, 11, 27, 21, 51, 46, 40407), 'username__0': 'matthew64', 'created_at__0': datetime.datetime(2024, 11, 27, 21, 51, 46, 40405), 'id__0': UUID('1f23ce8a-078b-46bd-b0e8-81d0e1bc79e4'), 'last_name__0': 'Ortega', 'password__0': '$2b$12$eWua//kPj0dgoNLFT28nJeWZq.ebNNauzn83mwS7ysk9CXoo5zlD.', 'email__1': 'collinsjulie@example.net', 'first_name__1': 'Barbara', 'updated_at__1': datetime.datetime(2024, 11, 27, 21, 51, 46, 40410), 'username__1': 'zgutierrez', 'created_at__1': datetime.datetime(2024, 11, 27, 21, 51, 46, 40410), 'id__1': UUID('5dabe8c5-23ff-4783-bbbf-5f0bca0d8eb0'), 'last_name__1': 'Hammond', 'password__1': '$2b$12$UM8PLHMN.D2WuN8PEVixzuLEunMXyPtA5mVq1P8DpvR6RqNcVFAJi', 'email__2': 'katherine41@example.org', 'first_name__2': 'Samantha', 'updated_at__2': datetime.datetime(2024, 11, 27, 21, 51, 46, 40412), 'username__2': 'angela64', 'created_at__2': datetime.datetime(2024, 11, 27, 21, 51, 46, 40412), 'id__2': UUID('bc06bb6c-2804-4566-aaee-c78b923a9758'), 'last_name__2': 'Crane', 'password__2': '$2b$12$RHEAqyS.izYZQW4dGXz6COeIwr3QzsdI8qH36DpwqzwHyHQfnZErm', 'email__3': 'samantha88@example.com', 'first_name__3': 'Matthew', 'updated_at__3': datetime.datetime(2024, 11, 27, 21, 51, 46, 40414), 'username__3': 'bowersbarbara', 'created_at__3': datetime.datetime(2024, 11, 27, 21, 51, 46, 40414), 'id__3': UUID('372ef967-9acd-4723-ad2c-8a57b367a262'), 'last_name__3': 'Howard', 'password__3': '$2b$12$5SffZoqPG0nSXOfXR/ZNj.U8GD1xm9eN0SB0upcEu0EZ4DR9jNPee', 'email__4': 'zunigasophia@example.com', 'first_name__4': 'Donna', 'updated_at__4': datetime.datetime(2024, 11, 27, 21, 51, 46, 40415), 'username__4': 'rbaker', 'created_at__4': datetime.datetime(2024, 11, 27, 21, 51, 46, 40415), 'id__4': UUID('ea3a095a-4031-4e4d-bd69-2a503edcacd2'), 'last_name__4': 'Allison', 'password__4': '$2b$12$2E82SvGuGDYYId5LOOOLNuc2LOU/SZ0X05ClPYoG.64wbwNrV9V.y', 'email__5': 'allenalyssa@example.org', 'first_name__5': 'Richard', 'updated_at__5': datetime.datetime(2024, 11, 27, 21, 51, 46, 40417), 'username__5': 'diana57', 'created_at__5': datetime.datetime(2024, 11, 27, 21, 51, 46, 40417), 'id__5': UUID('8e10c773-ee89-4bf5-a9b0-9173b474d367'), 'last_name__5': 'Reese', 'password__5': '$2b$12$9s3cdSseJEH9c06kIAvwEuNbn4NIztRz2gb3ngiXaWRWaAWnzfAs6', 'email__6': 'candace28@example.org', 'first_name__6': 'April' ... 700 parameters truncated ... 'last_name__93': 'Hall', 'password__93': '$2b$12$ea1zSkvFr8gI48nGDmOgFOgOHPjCPe8ch0VtoAV1wDnZvI3z21Cbi', 'email__94': 'stephanie68@example.net', 'first_name__94': 'David', 'updated_at__94': datetime.datetime(2024, 11, 27, 21, 51, 46, 40548), 'username__94': 'katherinewarner', 'created_at__94': datetime.datetime(2024, 11, 27, 21, 51, 46, 40548), 'id__94': UUID('3afb511c-fc54-4e9c-aefb-fab05de0720e'), 'last_name__94': 'Smith', 'password__94': '$2b$12$X2nobNhjcnKzlp6I909kPee91xEQ9SNy.ACpatpRJhFGqdBhfd0AK', 'email__95': 'jlewis@example.net', 'first_name__95': 'Rebecca', 'updated_at__95': datetime.datetime(2024, 11, 27, 21, 51, 46, 40550), 'username__95': 'rjohnson', 'created_at__95': datetime.datetime(2024, 11, 27, 21, 51, 46, 40550), 'id__95': UUID('da6b6ae3-8564-43a0-bf74-e077eb0ae7b6'), 'last_name__95': 'Rosario', 'password__95': '$2b$12$ppNbFlp6zPRm8316H5IUN.jKokvgR4kGs.h9JNXDwWdkxBmdbAJea', 'email__96': 'alyssabenjamin@example.net', 'first_name__96': 'Destiny', 'updated_at__96': datetime.datetime(2024, 11, 27, 21, 51, 46, 40551), 'username__96': 'imorales', 'created_at__96': datetime.datetime(2024, 11, 27, 21, 51, 46, 40551), 'id__96': UUID('29951ad2-1223-4dd0-b3a1-89858d762e8e'), 'last_name__96': 'Reynolds', 'password__96': '$2b$12$.HfJTwEA/JKEF6vYnR39Ku0Dl.7OHQGlpM7lgN5UkGN.SbB22hDja', 'email__97': 'williamsnatalie@example.com', 'first_name__97': 'Robert', 'updated_at__97': datetime.datetime(2024, 11, 27, 21, 51, 46, 40552), 'username__97': 'crystal59', 'created_at__97': datetime.datetime(2024, 11, 27, 21, 51, 46, 40552), 'id__97': UUID('0c76ee2a-a4ab-43f6-845a-32b52e5071d4'), 'last_name__97': 'Moore', 'password__97': '$2b$12$DTXXrOUMudV.8JMysyDEqeOvao34cSFQM4f8aUzQGbBOktpQz8dNe', 'email__98': 'gcummings@example.net', 'first_name__98': 'Nicholas', 'updated_at__98': datetime.datetime(2024, 11, 27, 21, 51, 46, 40554), 'username__98': 'steven71', 'created_at__98': datetime.datetime(2024, 11, 27, 21, 51, 46, 40554), 'id__98': UUID('f4a84393-f53e-4c1a-9ed5-a8335cb0b0ab'), 'last_name__98': 'Delacruz', 'password__98': '$2b$12$a.1CstQM3hnKH4d4pzyaYehPmVyUAR8eDytGiTE2bZ3Rlm.25RBB6', 'email__99': 'juliagordon@example.com', 'first_name__99': 'Molly', 'updated_at__99': datetime.datetime(2024, 11, 27, 21, 51, 46, 40555), 'username__99': 'lesliebarajas', 'created_at__99': datetime.datetime(2024, 11, 27, 21, 51, 46, 40555), 'id__99': UUID('79768159-f390-4d94-b30c-afed60c77f17'), 'last_name__99': 'Simmons', 'password__99': '$2b$12$y2dD8lRhV33NSmCyrqgNsutszrVC.FH8yrT3ZBgA3zOgKWzJ8jTy2'}
2024-11-27 16:51:46,045 - sqlalchemy.engine.Engine - INFO - COMMIT
